\BOOKMARK [1][-]{section*.2}{Содержание}{}% 1
\BOOKMARK [1][-]{section.1}{Введение}{}% 2
\BOOKMARK [2][-]{subsection.1.1}{Название программы}{section.1}% 3
\BOOKMARK [2][-]{subsection.1.2}{Краткая характеристика области применения}{section.1}% 4
\BOOKMARK [1][-]{section.2}{Основания для разработки}{}% 5
\BOOKMARK [2][-]{subsection.2.1}{Документы, на основании которых ведется разработка}{section.2}% 6
\BOOKMARK [2][-]{subsection.2.2}{Наименование темы разработки}{section.2}% 7
\BOOKMARK [1][-]{section.3}{Назначение разработки}{}% 8
\BOOKMARK [2][-]{subsection.3.1}{Функциональное назначение}{section.3}% 9
\BOOKMARK [2][-]{subsection.3.2}{Экспулатационное назначение}{section.3}% 10
\BOOKMARK [1][-]{section.4}{Требования к программе или программному изделию}{}% 11
\BOOKMARK [2][-]{subsection.4.1}{Требования к функциональным характеристикам}{section.4}% 12
\BOOKMARK [3][-]{subsubsection.4.1.1}{Требования к составу выполняемых функций}{subsection.4.1}% 13
\BOOKMARK [3][-]{subsubsection.4.1.2}{Требования к организации входных данных}{subsection.4.1}% 14
\BOOKMARK [3][-]{subsubsection.4.1.3}{Требования к организации выходных данных}{subsection.4.1}% 15
\BOOKMARK [3][-]{subsubsection.4.1.4}{Требования к временным характеристикам}{subsection.4.1}% 16
\BOOKMARK [2][-]{subsection.4.2}{Требования к интерфейсу}{section.4}% 17
\BOOKMARK [2][-]{subsection.4.3}{Требования к надёжности}{section.4}% 18
\BOOKMARK [3][-]{subsubsection.4.3.1}{Требования к обеспечению надежного \(устойчивого\) функционирования программы}{subsection.4.3}% 19
\BOOKMARK [3][-]{subsubsection.4.3.2}{Время восстановления после отказа}{subsection.4.3}% 20
\BOOKMARK [3][-]{subsubsection.4.3.3}{Отказы из-за некорректных действий оператора}{subsection.4.3}% 21
\BOOKMARK [2][-]{subsection.4.4}{Условия эксплуатации}{section.4}% 22
\BOOKMARK [3][-]{subsubsection.4.4.1}{Климатические условия эксплуатации}{subsection.4.4}% 23
\BOOKMARK [3][-]{subsubsection.4.4.2}{Требования к видам обслуживания}{subsection.4.4}% 24
\BOOKMARK [3][-]{subsubsection.4.4.3}{Требования к численности и квалификации персонала}{subsection.4.4}% 25
\BOOKMARK [3][-]{subsubsection.4.4.4}{Требования к составу и параметрам технических средств}{subsection.4.4}% 26
\BOOKMARK [2][-]{subsection.4.5}{Требования к информационной и программной совместимости}{section.4}% 27
\BOOKMARK [3][-]{subsubsection.4.5.1}{Требования к информационным структурам и методам решения}{subsection.4.5}% 28
\BOOKMARK [3][-]{subsubsection.4.5.2}{Требования к программным средствам, используемым программой}{subsection.4.5}% 29
\BOOKMARK [3][-]{subsubsection.4.5.3}{Требования к исходным кодам и языкам программирования}{subsection.4.5}% 30
\BOOKMARK [3][-]{subsubsection.4.5.4}{Требования к защите информации и программы}{subsection.4.5}% 31
\BOOKMARK [2][-]{subsection.4.6}{Требования к маркировке и упаковке}{section.4}% 32
\BOOKMARK [2][-]{subsection.4.7}{Требования к транспортировке и хранению}{section.4}% 33
\BOOKMARK [3][-]{subsubsection.4.7.1}{Требования к хранению и транспортировке компакт-дисков \(CD\)}{subsection.4.7}% 34
\BOOKMARK [3][-]{subsubsection.4.7.2}{Требования к хранению и транспортировке программных документов, предоставляемых в печатном виде}{subsection.4.7}% 35
\BOOKMARK [2][-]{subsection.4.8}{Специальные требования}{section.4}% 36
\BOOKMARK [1][-]{section.5}{Требования к программной документации}{}% 37
\BOOKMARK [2][-]{subsection.5.1}{Предварительный состав программной документации}{section.5}% 38
\BOOKMARK [2][-]{subsection.5.2}{Специальные требования к программной документации}{section.5}% 39
\BOOKMARK [1][-]{section.6}{Технико-экономические показатели}{}% 40
\BOOKMARK [2][-]{subsection.6.1}{Ориентировочная экономическая эффективность}{section.6}% 41
\BOOKMARK [2][-]{subsection.6.2}{Предполагаемая потребность}{section.6}% 42
\BOOKMARK [2][-]{subsection.6.3}{Экономические преимущества разработки по сравнению с отечественными и зарубежными образцами или аналогами}{section.6}% 43
\BOOKMARK [1][-]{section.7}{Стадии и этапы разработки}{}% 44
\BOOKMARK [1][-]{section.8}{Порядок контроля и приёмки}{}% 45
\BOOKMARK [2][-]{subsection.8.1}{Виды испытаний}{section.8}% 46
\BOOKMARK [2][-]{subsection.8.2}{Общие требования к приёмке работы}{section.8}% 47
\BOOKMARK [1][-]{section.9}{Список литературы}{}% 48
